-------------------------------------------------------------------------------
Test set: cucumber.RunCucumberTest
-------------------------------------------------------------------------------
Tests run: 6, Failures: 1, Errors: 0, Skipped: 0, Time elapsed: 48.307 s <<< FAILURE! - in cucumber.RunCucumberTest
Verify Cart Page contains correct information(Amazon Search and Product Testing)  Time elapsed: 8.381 s  <<< FAILURE!
org.junit.ComparisonFailure: expected:<$3[9].15> but was:<$3[5].15>

